c:\users\zcai21\desktop\resume project\publisher_server&client_zhengqi_cai\project4_zhengqi_cai\parser\debug\parser.pdb
c:\users\zcai21\desktop\resume project\publisher_server&client_zhengqi_cai\project4_zhengqi_cai\parser\debug\parser.idb
c:\users\zcai21\desktop\resume project\publisher_server&client_zhengqi_cai\project4_zhengqi_cai\parser\debug\parser.obj
c:\users\zcai21\desktop\resume project\publisher_server&client_zhengqi_cai\project4_zhengqi_cai\parser\debug\configureparser.obj
c:\users\zcai21\desktop\resume project\publisher_server&client_zhengqi_cai\project4_zhengqi_cai\parser\debug\actionsandrules.obj
c:\users\zcai21\desktop\resume project\publisher_server&client_zhengqi_cai\project4_zhengqi_cai\parser\debug\utilities.obj
c:\users\zcai21\desktop\resume project\publisher_server&client_zhengqi_cai\project4_zhengqi_cai\parser\debug\toker.obj
c:\users\zcai21\desktop\resume project\publisher_server&client_zhengqi_cai\project4_zhengqi_cai\parser\debug\semi.obj
c:\users\zcai21\desktop\resume project\publisher_server&client_zhengqi_cai\project4_zhengqi_cai\parser\debug\scopestack.obj
c:\users\zcai21\desktop\resume project\publisher_server&client_zhengqi_cai\project4_zhengqi_cai\parser\debug\grammarhelpers.obj
c:\users\zcai21\desktop\resume project\publisher_server&client_zhengqi_cai\project4_zhengqi_cai\parser\debug\filesystem.obj
c:\users\zcai21\desktop\resume project\publisher_server&client_zhengqi_cai\project4_zhengqi_cai\parser\debug\abstrsyntree.obj
c:\users\zcai21\desktop\resume project\publisher_server&client_zhengqi_cai\project4_zhengqi_cai\debug\parser.lib
c:\users\zcai21\desktop\resume project\publisher_server&client_zhengqi_cai\project4_zhengqi_cai\debug\parser.pdb
c:\users\zcai21\desktop\resume project\publisher_server&client_zhengqi_cai\project4_zhengqi_cai\parser\debug\parser.tlog\cl.command.1.tlog
c:\users\zcai21\desktop\resume project\publisher_server&client_zhengqi_cai\project4_zhengqi_cai\parser\debug\parser.tlog\cl.read.1.tlog
c:\users\zcai21\desktop\resume project\publisher_server&client_zhengqi_cai\project4_zhengqi_cai\parser\debug\parser.tlog\cl.write.1.tlog
c:\users\zcai21\desktop\resume project\publisher_server&client_zhengqi_cai\project4_zhengqi_cai\parser\debug\parser.tlog\lib-link.read.1.tlog
c:\users\zcai21\desktop\resume project\publisher_server&client_zhengqi_cai\project4_zhengqi_cai\parser\debug\parser.tlog\lib-link.write.1.tlog
c:\users\zcai21\desktop\resume project\publisher_server&client_zhengqi_cai\project4_zhengqi_cai\parser\debug\parser.tlog\lib.command.1.tlog
